<!DOCTYPE html PUBLIC "-//W3C//DTD XHTML 1.1//EN" "http://www.w3.org/TR/xhtml11/DTD/xhtml11.dtd">
<html xmlns="http://www.w3.org/1999/xhtml"><head><title>TestNG Report</title><style type="text/css">table {margin-bottom:10px;border-collapse:collapse;empty-cells:show}th,td {border:1px solid #009;padding:.25em .5em}th {vertical-align:bottom}td {vertical-align:top}table a {font-weight:bold}.stripe td {background-color: #E6EBF9}.num {text-align:right}.passedodd td {background-color: #3F3}.passedeven td {background-color: #0A0}.skippedodd td {background-color: #DDD}.skippedeven td {background-color: #CCC}.failedodd td,.attn {background-color: #F33}.failedeven td,.stripe .attn {background-color: #D00}.stacktrace {white-space:pre;font-family:monospace}.totop {font-size:85%;text-align:center;border-bottom:2px solid #000}</style></head><body><table><tr><th>Test</th><th># Passed</th><th># Skipped</th><th># Failed</th><th>Time (ms)</th><th>Included Groups</th><th>Excluded Groups</th></tr><tr><th colspan="7">SuiteA</th></tr><tr><td><a href="#t0">TestNameA</a></td><td class="num">0</td><td class="num">0</td><td class="num attn">1</td><td class="num">192.966</td><td></td><td></td></tr><tr><th colspan="7">SuiteB</th></tr><tr class="stripe"><td><a href="#t1">TestNameB</a></td><td class="num">0</td><td class="num">0</td><td class="num attn">1</td><td class="num">102.761</td><td></td><td></td></tr><tr><th>Total</th><th class="num">0</th><th class="num">0</th><th class="num attn">2</th><th class="num">295.727</th><th colspan="2"></th></tr></table><table><thead><tr><th>Class</th><th>Method</th><th>Start</th><th>Time (ms)</th></tr></thead><tbody><tr><th colspan="4">SuiteA</th></tr></tbody><tbody id="t0"><tr><th colspan="4">TestNameA &#8212; failed</th></tr><tr class="failedeven"><td rowspan="1">org.fundacion.pivotal.CreateProjectTest</td><td><a href="#m0">testCreateProject</a></td><td rowspan="1">1482208311473</td><td rowspan="1">142213</td></tr></tbody><tbody><tr><th colspan="4">SuiteB</th></tr></tbody><tbody id="t1"><tr><th colspan="4">TestNameB &#8212; failed</th></tr><tr class="failedeven"><td rowspan="1">org.fundacion.pivotal.ModifyProjectTest</td><td><a href="#m1">testCreateProject</a></td><td rowspan="1">1482208562129</td><td rowspan="1">89430</td></tr></tbody></table><h2>TestNameA</h2><h3 id="m0">org.fundacion.pivotal.CreateProjectTest#testCreateProject</h3><table class="result"><tr><th>Exception</th></tr><tr><td><div class="stacktrace">org.openqa.selenium.NoSuchElementException: Timed out after 100 seconds. Unable to locate the element
For documentation on this error, please visit: http://seleniumhq.org/exceptions/no_such_element.html
Build info: version: &apos;2.53.0&apos;, revision: &apos;35ae25b1534ae328c771e0856c93e187490ca824&apos;, time: &apos;2016-03-15 10:43:46&apos;
System info: host: &apos;MacBook-Pro-de-Gualberto.local&apos;, ip: &apos;10.0.0.5&apos;, os.name: &apos;Mac OS X&apos;, os.arch: &apos;x86_64&apos;, os.version: &apos;10.12.1&apos;, java.version: &apos;1.8.0_112&apos;
Driver info: driver.version: unknown
	at org.openqa.selenium.support.pagefactory.AjaxElementLocator.findElement(AjaxElementLocator.java:91)
	at org.openqa.selenium.support.pagefactory.internal.LocatingElementHandler.invoke(LocatingElementHandler.java:38)
	at com.sun.proxy.$Proxy5.click(Unknown Source)
	at org.fundacion.pivotal.pages.HomePage.clickCreateProject(HomePage.java:27)
	at org.fundacion.pivotal.CreateProjectTest.testCreateProject(CreateProjectTest.java:39)
Caused by: org.openqa.selenium.NoSuchElementException: no such element: Unable to locate element: {&quot;method&quot;:&quot;css selector&quot;,&quot;selector&quot;:&quot;.button.button--actionButton&quot;}
  (Session info: chrome=55.0.2883.95)
  (Driver info: chromedriver=2.25.426935 (820a95b0b81d33e42712f9198c215f703412e1a1),platform=Mac OS X 10.12.1 x86_64) (WARNING: The server did not provide any stacktrace information)
Command duration or timeout: 15.02 seconds
For documentation on this error, please visit: http://seleniumhq.org/exceptions/no_such_element.html
Build info: version: &apos;2.53.0&apos;, revision: &apos;35ae25b1534ae328c771e0856c93e187490ca824&apos;, time: &apos;2016-03-15 10:43:46&apos;
System info: host: &apos;MacBook-Pro-de-Gualberto.local&apos;, ip: &apos;10.0.0.5&apos;, os.name: &apos;Mac OS X&apos;, os.arch: &apos;x86_64&apos;, os.version: &apos;10.12.1&apos;, java.version: &apos;1.8.0_112&apos;
Driver info: org.openqa.selenium.chrome.ChromeDriver
Capabilities [{applicationCacheEnabled=false, rotatable=false, mobileEmulationEnabled=false, networkConnectionEnabled=false, chrome={chromedriverVersion=2.25.426935 (820a95b0b81d33e42712f9198c215f703412e1a1), userDataDir=/var/folders/b5/46sxwn754p38xjc6mfkf775w0000gn/T/.org.chromium.Chromium.Bdnudo}, takesHeapSnapshot=true, pageLoadStrategy=normal, databaseEnabled=false, handlesAlerts=true, hasTouchScreen=false, version=55.0.2883.95, platform=MAC, browserConnectionEnabled=false, nativeEvents=true, acceptSslCerts=true, locationContextEnabled=true, webStorageEnabled=true, browserName=chrome, takesScreenshot=true, javascriptEnabled=true, cssSelectorsEnabled=true}]
Session ID: 5ae87555caae459292e3c213b82f17f4
*** Element info: {Using=css selector, value=.button.button--actionButton}
	at org.openqa.selenium.remote.ErrorHandler.createThrowable(ErrorHandler.java:206)
	at org.openqa.selenium.remote.ErrorHandler.throwIfResponseFailed(ErrorHandler.java:158)
	at org.openqa.selenium.remote.RemoteWebDriver.execute(RemoteWebDriver.java:678)
	at org.openqa.selenium.remote.RemoteWebDriver.findElement(RemoteWebDriver.java:363)
	at org.openqa.selenium.remote.RemoteWebDriver.findElementByCssSelector(RemoteWebDriver.java:492)
	at org.openqa.selenium.By$ByCssSelector.findElement(By.java:430)
	at org.openqa.selenium.remote.RemoteWebDriver.findElement(RemoteWebDriver.java:355)
	at org.openqa.selenium.support.pagefactory.DefaultElementLocator.findElement(DefaultElementLocator.java:69)
	at org.openqa.selenium.support.pagefactory.AjaxElementLocator.access$001(AjaxElementLocator.java:41)
	at org.openqa.selenium.support.pagefactory.AjaxElementLocator$SlowLoadingElement.isLoaded(AjaxElementLocator.java:157)
	at org.openqa.selenium.support.ui.SlowLoadableComponent.get(SlowLoadableComponent.java:70)
	at org.openqa.selenium.support.pagefactory.AjaxElementLocator.findElement(AjaxElementLocator.java:87)
	... 31 more
... Removed 31 stack frames</div></td></tr></table><p class="totop"><a href="#summary">back to summary</a></p><h2>TestNameB</h2><h3 id="m1">org.fundacion.pivotal.ModifyProjectTest#testCreateProject</h3><table class="result"><tr><th>Exception</th></tr><tr><td><div class="stacktrace">java.lang.NullPointerException
	at org.openqa.selenium.support.pagefactory.internal.LocatingElementHandler.invoke(LocatingElementHandler.java:51)
	at com.sun.proxy.$Proxy5.click(Unknown Source)
	at org.fundacion.pivotal.pages.HomePage.clickCreateProject(HomePage.java:27)
	at org.fundacion.pivotal.ModifyProjectTest.testCreateProject(ModifyProjectTest.java:40)
... Removed 31 stack frames</div></td></tr></table><p class="totop"><a href="#summary">back to summary</a></p></body></html>